This is pdfTeX, Version 3.14159265-2.6-1.40.21 (TeX Live 2020) (preloaded format=pdflatex 2021.2.16)  7 MAR 2021 09:08
entering extended mode
 restricted \write18 enabled.
 %&-line parsing enabled.
**title-page.tex
(./title-page.tex
LaTeX2e <2020-02-02> patch level 5
L3 programming layer <2020-03-06>

! LaTeX Error: Environment titlepage undefined.

See the LaTeX manual or LaTeX Companion for explanation.
Type  H <return>  for immediate help.
 ...                                              
                                                  
l.1 \begin{titlepage}
                     
Your command was ignored.
Type  I <command> <return>  to replace it with another command,
or  <return>  to continue without it.


! LaTeX Error: Missing \begin{document}.

See the LaTeX manual or LaTeX Companion for explanation.
Type  H <return>  for immediate help.
 ...                                              
                                                  
l.2 	\begin{center}
                   
You're in trouble here.  Try typing  <return>  to proceed.
If that doesn't work, type  X <return>  to quit.


Overfull \hbox (20.0pt too wide) in paragraph at lines 2--2
[] 
 []

! Undefined control sequence.
l.5 		\large
            
The control sequence at the end of the top line
of your error message was never \def'ed. If you have
misspelled it (e.g., `\hobx'), type `I' and the correct
spelling (e.g., `I\hbox'). Otherwise just continue,
and I'll forget about whatever was undefined.

Missing character: There is no I in font nullfont!
Missing character: There is no D in font nullfont!
Missing character: There is no A in font nullfont!
Missing character: There is no - in font nullfont!
Missing character: There is no D in font nullfont!
Missing character: There is no e in font nullfont!
Missing character: There is no p in font nullfont!
Missing character: There is no a in font nullfont!
Missing character: There is no r in font nullfont!
Missing character: There is no t in font nullfont!
Missing character: There is no m in font nullfont!
Missing character: There is no e in font nullfont!
Missing character: There is no n in font nullfont!
Missing character: There is no t in font nullfont!
Missing character: There is no o in font nullfont!
Missing character: There is no f in font nullfont!
Missing character: There is no C in font nullfont!
Missing character: There is no o in font nullfont!
Missing character: There is no m in font nullfont!
Missing character: There is no p in font nullfont!
Missing character: There is no u in font nullfont!
Missing character: There is no t in font nullfont!
Missing character: There is no e in font nullfont!
Missing character: There is no r in font nullfont!
Missing character: There is no a in font nullfont!
Missing character: There is no n in font nullfont!
Missing character: There is no d in font nullfont!
Missing character: There is no I in font nullfont!
Missing character: There is no n in font nullfont!
Missing character: There is no f in font nullfont!
Missing character: There is no o in font nullfont!
Missing character: There is no r in font nullfont!
Missing character: There is no m in font nullfont!
Missing character: There is no a in font nullfont!
Missing character: There is no t in font nullfont!
Missing character: There is no i in font nullfont!
Missing character: There is no o in font nullfont!
Missing character: There is no n in font nullfont!
Missing character: There is no S in font nullfont!
Missing character: There is no c in font nullfont!
Missing character: There is no i in font nullfont!
Missing character: There is no e in font nullfont!
Missing character: There is no n in font nullfont!
Missing character: There is no c in font nullfont!
Missing character: There is no e in font nullfont!
Missing character: There is no L in font nullfont!
Missing character: There is no i in font nullfont!
Missing character: There is no n in font nullfont!
Missing character: There is no k in font nullfont!
LaTeX Font Info:    Trying to load font information for +cmr on input line 7.
LaTeX Font Info:    No file cmr.fd. on input line 7.

LaTeX Font Warning: Font shape `/cmr/m/n' undefined
(Font)              using `/cmr/m/n' instead on input line 7.

! Corrupted NFSS tables.
wrong@fontshape ...message {Corrupted NFSS tables}
                                                  error@fontshape else let f...
l.7 		Linkö
            ping University
This error message was generated by an \errmessage
command, so I can't give any explicit help.
Pretend that you're Hercule Poirot: Examine all clues,
and deduce the truth by order and method.


LaTeX Font Warning: Font shape `/cmr/m/n' undefined
(Font)              using `OT1/cmr/m/n' instead on input line 7.

Missing character: There is no p in font nullfont!
Missing character: There is no i in font nullfont!
Missing character: There is no n in font nullfont!
Missing character: There is no g in font nullfont!
Missing character: There is no U in font nullfont!
Missing character: There is no n in font nullfont!
Missing character: There is no i in font nullfont!
Missing character: There is no v in font nullfont!
Missing character: There is no e in font nullfont!
Missing character: There is no r in font nullfont!
Missing character: There is no s in font nullfont!
Missing character: There is no i in font nullfont!
Missing character: There is no t in font nullfont!
Missing character: There is no y in font nullfont!

Overfull \hbox (10.00003pt too wide) in paragraph at lines 7--8
 []\/cmr/m/n/10 ^^?o 
 []

! Undefined control sequence.
l.11 		\LARGE
             
The control sequence at the end of the top line
of your error message was never \def'ed. If you have
misspelled it (e.g., `\hobx'), type `I' and the correct
spelling (e.g., `I\hbox'). Otherwise just continue,
and I'll forget about whatever was undefined.


Overfull \hbox (41.53584pt too wide) in paragraph at lines 12--13
 []\OT1/cmr/bx/n/10 Sarcasm 
 []


Overfull \hbox (25.07626pt too wide) in paragraph at lines 12--13
 \OT1/cmr/bx/n/10 iden- 
 []


Overfull \hbox (11.49994pt too wide) in paragraph at lines 12--13
 \OT1/cmr/bx/n/10 ti- 
 []


Overfull \hbox (10.22217pt too wide) in paragraph at lines 12--13
 \OT1/cmr/bx/n/10 fi- 
 []


Overfull \hbox (14.53462pt too wide) in paragraph at lines 12--13
 \OT1/cmr/bx/n/10 ca- 
 []


Overfull \hbox (19.80545pt too wide) in paragraph at lines 12--13
 \OT1/cmr/bx/n/10 tion 
 []


Overfull \hbox (22.361pt too wide) in paragraph at lines 12--13
 \OT1/cmr/bx/n/10 with 
 []


Overfull \hbox (22.99988pt too wide) in paragraph at lines 12--13
 \OT1/cmr/bx/n/10 bidi- 
 []


Overfull \hbox (18.95131pt too wide) in paragraph at lines 12--13
 \OT1/cmr/bx/n/10 rec- 
 []


Overfull \hbox (28.5901pt too wide) in paragraph at lines 12--13
 \OT1/cmr/bx/n/10 tional 
 []


Overfull \hbox (32.22205pt too wide) in paragraph at lines 12--13
 \OT1/cmr/bx/n/10 LSTM 
 []


Overfull \hbox (18.36794pt too wide) in paragraph at lines 12--13
 \OT1/cmr/bx/n/10 and 
 []


Overfull \hbox (20.38321pt too wide) in paragraph at lines 12--13
 \OT1/cmr/bx/n/10 Dis- 
 []


Overfull \hbox (14.69437pt too wide) in paragraph at lines 12--13
 \OT1/cmr/bx/n/10 til- 
 []


Overfull \hbox (31.4026pt too wide) in paragraph at lines 12--13
 \OT1/cmr/bx/n/10 BERT 
 []

! Undefined control sequence.
l.14 		\Large
             
The control sequence at the end of the top line
of your error message was never \def'ed. If you have
misspelled it (e.g., `\hobx'), type `I' and the correct
spelling (e.g., `I\hbox'). Otherwise just continue,
and I'll forget about whatever was undefined.

Missing character: There is no 7 in font nullfont!
Missing character: There is no 3 in font nullfont!
Missing character: There is no 2 in font nullfont!
Missing character: There is no A in font nullfont!
Missing character: There is no 9 in font nullfont!
Missing character: There is no 2 in font nullfont!
Missing character: There is no - in font nullfont!
Missing character: There is no T in font nullfont!
Missing character: There is no e in font nullfont!
Missing character: There is no x in font nullfont!
Missing character: There is no t in font nullfont!
Missing character: There is no M in font nullfont!
Missing character: There is no i in font nullfont!
Missing character: There is no n in font nullfont!
Missing character: There is no i in font nullfont!
Missing character: There is no n in font nullfont!
Missing character: There is no g in font nullfont!
Missing character: There is no - in font nullfont!
Missing character: There is no P in font nullfont!
Missing character: There is no r in font nullfont!
Missing character: There is no o in font nullfont!
Missing character: There is no j in font nullfont!
Missing character: There is no e in font nullfont!
Missing character: There is no c in font nullfont!
Missing character: There is no t in font nullfont!
Missing character: There is no R in font nullfont!
Missing character: There is no e in font nullfont!
Missing character: There is no p in font nullfont!
Missing character: There is no o in font nullfont!
Missing character: There is no r in font nullfont!
Missing character: There is no t in font nullfont!

Overfull \hbox (36.64006pt too wide) in paragraph at lines 19--19
 []\OT1/cmr/bx/n/10 Marcos 
 []


Overfull \hbox (20.11797pt too wide) in paragraph at lines 19--19
 \OT1/cmr/bx/n/10 Fre- 
 []


Overfull \hbox (17.79292pt too wide) in paragraph at lines 19--19
 \OT1/cmr/bx/n/10 itas 
 []


Overfull \hbox (39.13173pt too wide) in paragraph at lines 19--19
 \OT1/cmr/bx/n/10 Mour~ao 
 []


Overfull \hbox (16.6749pt too wide) in paragraph at lines 19--19
 \OT1/cmr/bx/n/10 dos 
 []


Overfull \hbox (22.20125pt too wide) in paragraph at lines 19--19
 \OT1/cmr/bx/n/10 San- 
 []


Overfull \hbox (14.75824pt too wide) in paragraph at lines 19--19
 \OT1/cmr/bx/n/10 tos 
 []

Missing character: There is no L in font nullfont!
Missing character: There is no i in font nullfont!
Missing character: There is no U in font nullfont!
Missing character: There is no I in font nullfont!
Missing character: There is no D in font nullfont!
Missing character: There is no : in font nullfont!
Missing character: There is no m in font nullfont!
Missing character: There is no a in font nullfont!
Missing character: There is no r in font nullfont!
Missing character: There is no f in font nullfont!
Missing character: There is no r in font nullfont!
Missing character: There is no 8 in font nullfont!
Missing character: There is no 2 in font nullfont!
Missing character: There is no 5 in font nullfont!
Missing character: There is no S in font nullfont!
Missing character: There is no w in font nullfont!
Missing character: There is no e in font nullfont!
Missing character: There is no d in font nullfont!
Missing character: There is no e in font nullfont!
Missing character: There is no n in font nullfont!
! Undefined control sequence.
<recently read> \today 
                       
l.25 		\today
             
The control sequence at the end of the top line
of your error message was never \def'ed. If you have
misspelled it (e.g., `\hobx'), type `I' and the correct
spelling (e.g., `I\hbox'). Otherwise just continue,
and I'll forget about whatever was undefined.


! LaTeX Error: \begin{document} ended by \end{titlepage}.

See the LaTeX manual or LaTeX Companion for explanation.
Type  H <return>  for immediate help.
 ...                                              
                                                  
l.28 \end{titlepage}
                    
Your command was ignored.
Type  I <command> <return>  to replace it with another command,
or  <return>  to continue without it.

)
! Emergency stop.
<*> title-page.tex
                  
*** (job aborted, no legal \end found)

 
Here is how much of TeX's memory you used:
 29 strings out of 480608
 495 string characters out of 5903630
 240610 words of memory out of 5000000
 16020 multiletter control sequences out of 15000+600000
 532646 words of font info for 25 fonts, out of 8000000 for 9000
 1141 hyphenation exceptions out of 8191
 17i,1n,16p,105b,142s stack positions out of 5000i,500n,10000p,200000b,80000s
!  ==> Fatal error occurred, no output PDF file produced!
